[debug] [2018-07-19T20:14:30.475Z] ----------------------------------------------------------------------
[debug] [2018-07-19T20:14:30.479Z] Command:       /usr/bin/node /usr/bin/firebase deploy --only functions
[debug] [2018-07-19T20:14:30.479Z] CLI Version:   3.18.0
[debug] [2018-07-19T20:14:30.479Z] Platform:      linux
[debug] [2018-07-19T20:14:30.479Z] Node Version:  v8.10.0
[debug] [2018-07-19T20:14:30.480Z] Time:          Thu Jul 19 2018 21:14:30 GMT+0100 (IST)
[debug] [2018-07-19T20:14:30.480Z] ----------------------------------------------------------------------
[debug] 
[debug] [2018-07-19T20:14:30.492Z] > command requires scopes: ["email","openid","https://www.googleapis.com/auth/cloudplatformprojects.readonly","https://www.googleapis.com/auth/firebase","https://www.googleapis.com/auth/cloud-platform"]
[debug] [2018-07-19T20:14:30.493Z] > authorizing via signed-in user
[debug] [2018-07-19T20:14:30.495Z] > refreshing access token with scopes: ["email","https://www.googleapis.com/auth/cloud-platform","https://www.googleapis.com/auth/cloudplatformprojects.readonly","https://www.googleapis.com/auth/firebase","openid"]
[debug] [2018-07-19T20:14:30.495Z] >>> HTTP REQUEST POST https://www.googleapis.com/oauth2/v3/token  
 { refresh_token: '1/lhzkUw2zGAHmNS7Lo2Q8Cil2gjNOkK6pnPwEnbGptuordVkw7AUcI68ZIrSy3Q2I',
  client_id: '563584335869-fgrhgmd47bqnekij5i8b5pr03ho849e6.apps.googleusercontent.com',
  client_secret: 'j9iVZfS8kkCEFUPaAeJV0sAi',
  grant_type: 'refresh_token',
  scope: 'email https://www.googleapis.com/auth/cloud-platform https://www.googleapis.com/auth/cloudplatformprojects.readonly https://www.googleapis.com/auth/firebase openid' } 
 Thu Jul 19 2018 21:14:30 GMT+0100 (IST)
[debug] [2018-07-19T20:14:30.718Z] <<< HTTP RESPONSE 200
[debug] [2018-07-19T20:14:30.757Z] >>> HTTP REQUEST GET https://admin.firebase.com/v1/projects/reactevents-32fee  
  
 Thu Jul 19 2018 21:14:30 GMT+0100 (IST)
[debug] [2018-07-19T20:14:31.675Z] <<< HTTP RESPONSE 200
[debug] [2018-07-19T20:14:31.677Z] >>> HTTP REQUEST GET https://admin.firebase.com/v1/database/reactevents-32fee/tokens  
  
 Thu Jul 19 2018 21:14:31 GMT+0100 (IST)
[debug] [2018-07-19T20:14:32.465Z] <<< HTTP RESPONSE 200
[debug] [2018-07-19T20:14:33.309Z] Error: spawn npm ENOENT
    at _errnoException (util.js:1022:11)
    at Process.ChildProcess._handle.onexit (internal/child_process.js:190:19)
    at onErrorNT (internal/child_process.js:372:16)
    at _combinedTickCallback (internal/process/next_tick.js:138:11)
    at process._tickDomainCallback (internal/process/next_tick.js:218:9)
[debug] [2018-07-19T20:14:33.312Z] Error: spawn npm ENOENT
    at _errnoException (util.js:1022:11)
    at Process.ChildProcess._handle.onexit (internal/child_process.js:190:19)
    at onErrorNT (internal/child_process.js:372:16)
    at _combinedTickCallback (internal/process/next_tick.js:138:11)
    at process._tickDomainCallback (internal/process/next_tick.js:218:9)
[error] 
[error] Error: An unexpected error has occurred.
